-------------------------------------------------------------------------------
Test set: qualite_log.user.UserUpdateControllerTest
-------------------------------------------------------------------------------
Tests run: 8, Failures: 0, Errors: 8, Skipped: 0, Time elapsed: 0.011 s <<< FAILURE! - in qualite_log.user.UserUpdateControllerTest
qualite_log.user.UserUpdateControllerTest.testIncorrectFirstName  Time elapsed: 0 s  <<< ERROR!
java.lang.reflect.InaccessibleObjectException: Unable to make private static void qualite_log.user.UserUpdateControllerTest.configureData() accessible: module qualite_log does not "opens qualite_log.user" to unnamed module @30c15d8b

qualite_log.user.UserUpdateControllerTest.testEmptyMail  Time elapsed: 0.001 s  <<< ERROR!
java.lang.reflect.InaccessibleObjectException: Unable to make private static void qualite_log.user.UserUpdateControllerTest.configureData() accessible: module qualite_log does not "opens qualite_log.user" to unnamed module @30c15d8b

qualite_log.user.UserUpdateControllerTest.testIncorrectLastName  Time elapsed: 0 s  <<< ERROR!
java.lang.reflect.InaccessibleObjectException: Unable to make private static void qualite_log.user.UserUpdateControllerTest.configureData() accessible: module qualite_log does not "opens qualite_log.user" to unnamed module @30c15d8b

qualite_log.user.UserUpdateControllerTest.testIncorrectMail  Time elapsed: 0 s  <<< ERROR!
java.lang.reflect.InaccessibleObjectException: Unable to make private static void qualite_log.user.UserUpdateControllerTest.configureData() accessible: module qualite_log does not "opens qualite_log.user" to unnamed module @30c15d8b

qualite_log.user.UserUpdateControllerTest.testSuccessfulUserUpdate  Time elapsed: 0 s  <<< ERROR!
java.lang.reflect.InaccessibleObjectException: Unable to make private static void qualite_log.user.UserUpdateControllerTest.configureData() accessible: module qualite_log does not "opens qualite_log.user" to unnamed module @30c15d8b

qualite_log.user.UserUpdateControllerTest.testEmptyFirstName  Time elapsed: 0 s  <<< ERROR!
java.lang.reflect.InaccessibleObjectException: Unable to make private static void qualite_log.user.UserUpdateControllerTest.configureData() accessible: module qualite_log does not "opens qualite_log.user" to unnamed module @30c15d8b

qualite_log.user.UserUpdateControllerTest.testNoMailSelection  Time elapsed: 0 s  <<< ERROR!
java.lang.reflect.InaccessibleObjectException: Unable to make private static void qualite_log.user.UserUpdateControllerTest.configureData() accessible: module qualite_log does not "opens qualite_log.user" to unnamed module @30c15d8b

qualite_log.user.UserUpdateControllerTest.testEmptyLastName  Time elapsed: 0 s  <<< ERROR!
java.lang.reflect.InaccessibleObjectException: Unable to make private static void qualite_log.user.UserUpdateControllerTest.configureData() accessible: module qualite_log does not "opens qualite_log.user" to unnamed module @30c15d8b

