-------------------------------------------------------------------------------
Test set: qualite_log.tooltype.ToolTypeEmptyListControllerTest
-------------------------------------------------------------------------------
Tests run: 1, Failures: 0, Errors: 1, Skipped: 0, Time elapsed: 0.004 s <<< FAILURE! - in qualite_log.tooltype.ToolTypeEmptyListControllerTest
qualite_log.tooltype.ToolTypeEmptyListControllerTest.testNoToolTypeInDatabase  Time elapsed: 0.001 s  <<< ERROR!
java.lang.reflect.InaccessibleObjectException: Unable to make private static void qualite_log.tooltype.ToolTypeEmptyListControllerTest.configureData() accessible: module qualite_log does not "opens qualite_log.tooltype" to unnamed module @30c15d8b

