-------------------------------------------------------------------------------
Test set: qualite_log.tooltype.ToolTypeDeleteControllerTest
-------------------------------------------------------------------------------
Tests run: 2, Failures: 0, Errors: 2, Skipped: 0, Time elapsed: 0.004 s <<< FAILURE! - in qualite_log.tooltype.ToolTypeDeleteControllerTest
qualite_log.tooltype.ToolTypeDeleteControllerTest.testSuccessfulToolTypeDeletion  Time elapsed: 0 s  <<< ERROR!
java.lang.reflect.InaccessibleObjectException: Unable to make private static boolean qualite_log.tooltype.ToolTypeDeleteControllerTest.lambda$testNoTypeSelection$1(javafx.scene.text.Text) accessible: module qualite_log does not "opens qualite_log.tooltype" to unnamed module @30c15d8b

qualite_log.tooltype.ToolTypeDeleteControllerTest.testNoTypeSelection  Time elapsed: 0 s  <<< ERROR!
java.lang.reflect.InaccessibleObjectException: Unable to make private static boolean qualite_log.tooltype.ToolTypeDeleteControllerTest.lambda$testNoTypeSelection$1(javafx.scene.text.Text) accessible: module qualite_log does not "opens qualite_log.tooltype" to unnamed module @30c15d8b

