-------------------------------------------------------------------------------
Test set: qualite_log.tool.ToolCreateControllerTest
-------------------------------------------------------------------------------
Tests run: 8, Failures: 0, Errors: 8, Skipped: 0, Time elapsed: 0.021 s <<< FAILURE! - in qualite_log.tool.ToolCreateControllerTest
qualite_log.tool.ToolCreateControllerTest.testIncorrectVersion  Time elapsed: 0 s  <<< ERROR!
java.lang.reflect.InaccessibleObjectException: Unable to make private static boolean qualite_log.tool.ToolCreateControllerTest.lambda$testSuccessfulToolCreation$0(qualite_log.model.Equipment) accessible: module qualite_log does not "opens qualite_log.tool" to unnamed module @30c15d8b

qualite_log.tool.ToolCreateControllerTest.testEmptyName  Time elapsed: 0 s  <<< ERROR!
java.lang.reflect.InaccessibleObjectException: Unable to make private static boolean qualite_log.tool.ToolCreateControllerTest.lambda$testSuccessfulToolCreation$0(qualite_log.model.Equipment) accessible: module qualite_log does not "opens qualite_log.tool" to unnamed module @30c15d8b

qualite_log.tool.ToolCreateControllerTest.testIncorrectName  Time elapsed: 0.001 s  <<< ERROR!
java.lang.reflect.InaccessibleObjectException: Unable to make private static boolean qualite_log.tool.ToolCreateControllerTest.lambda$testSuccessfulToolCreation$0(qualite_log.model.Equipment) accessible: module qualite_log does not "opens qualite_log.tool" to unnamed module @30c15d8b

qualite_log.tool.ToolCreateControllerTest.testEmptyReference  Time elapsed: 0 s  <<< ERROR!
java.lang.reflect.InaccessibleObjectException: Unable to make private static boolean qualite_log.tool.ToolCreateControllerTest.lambda$testSuccessfulToolCreation$0(qualite_log.model.Equipment) accessible: module qualite_log does not "opens qualite_log.tool" to unnamed module @30c15d8b

qualite_log.tool.ToolCreateControllerTest.testSuccessfulToolCreation  Time elapsed: 0 s  <<< ERROR!
java.lang.reflect.InaccessibleObjectException: Unable to make private static boolean qualite_log.tool.ToolCreateControllerTest.lambda$testSuccessfulToolCreation$0(qualite_log.model.Equipment) accessible: module qualite_log does not "opens qualite_log.tool" to unnamed module @30c15d8b

qualite_log.tool.ToolCreateControllerTest.testNoToolTypeSelection  Time elapsed: 0 s  <<< ERROR!
java.lang.reflect.InaccessibleObjectException: Unable to make private static boolean qualite_log.tool.ToolCreateControllerTest.lambda$testSuccessfulToolCreation$0(qualite_log.model.Equipment) accessible: module qualite_log does not "opens qualite_log.tool" to unnamed module @30c15d8b

qualite_log.tool.ToolCreateControllerTest.testEmptyVersion  Time elapsed: 0.001 s  <<< ERROR!
java.lang.reflect.InaccessibleObjectException: Unable to make private static boolean qualite_log.tool.ToolCreateControllerTest.lambda$testSuccessfulToolCreation$0(qualite_log.model.Equipment) accessible: module qualite_log does not "opens qualite_log.tool" to unnamed module @30c15d8b

qualite_log.tool.ToolCreateControllerTest.testIncorrectReference  Time elapsed: 0 s  <<< ERROR!
java.lang.reflect.InaccessibleObjectException: Unable to make private static boolean qualite_log.tool.ToolCreateControllerTest.lambda$testSuccessfulToolCreation$0(qualite_log.model.Equipment) accessible: module qualite_log does not "opens qualite_log.tool" to unnamed module @30c15d8b

