-------------------------------------------------------------------------------
Test set: qualite_log.user.UserDeleteControllerTest
-------------------------------------------------------------------------------
Tests run: 1, Failures: 0, Errors: 1, Skipped: 0, Time elapsed: 0.002 s <<< FAILURE! - in qualite_log.user.UserDeleteControllerTest
qualite_log.user.UserDeleteControllerTest.testSuccessfulUserDeletion  Time elapsed: 0 s  <<< ERROR!
java.lang.reflect.InaccessibleObjectException: Unable to make private static boolean qualite_log.user.UserDeleteControllerTest.lambda$0(qualite_log.model.Person) accessible: module qualite_log does not "opens qualite_log.user" to unnamed module @4f6ee6e4

