-------------------------------------------------------------------------------
Test set: qualite_log.tooltype.ToolTypeCreateControllerTest
-------------------------------------------------------------------------------
Tests run: 3, Failures: 0, Errors: 3, Skipped: 0, Time elapsed: 0.008 s <<< FAILURE! - in qualite_log.tooltype.ToolTypeCreateControllerTest
qualite_log.tooltype.ToolTypeCreateControllerTest.testSuccessfulToolTypeCreation  Time elapsed: 0 s  <<< ERROR!
java.lang.reflect.InaccessibleObjectException: Unable to make private static boolean qualite_log.tooltype.ToolTypeCreateControllerTest.lambda$testSuccessfulToolTypeCreation$0(qualite_log.model.EquipmentType) accessible: module qualite_log does not "opens qualite_log.tooltype" to unnamed module @30c15d8b

qualite_log.tooltype.ToolTypeCreateControllerTest.testEmptyType  Time elapsed: 0 s  <<< ERROR!
java.lang.reflect.InaccessibleObjectException: Unable to make private static boolean qualite_log.tooltype.ToolTypeCreateControllerTest.lambda$testSuccessfulToolTypeCreation$0(qualite_log.model.EquipmentType) accessible: module qualite_log does not "opens qualite_log.tooltype" to unnamed module @30c15d8b

qualite_log.tooltype.ToolTypeCreateControllerTest.testIncorrectType  Time elapsed: 0.001 s  <<< ERROR!
java.lang.reflect.InaccessibleObjectException: Unable to make private static boolean qualite_log.tooltype.ToolTypeCreateControllerTest.lambda$testSuccessfulToolTypeCreation$0(qualite_log.model.EquipmentType) accessible: module qualite_log does not "opens qualite_log.tooltype" to unnamed module @30c15d8b

