<?xml version="1.0" encoding="UTF-8"?>
<testsuite xmlns:xsi="http://www.w3.org/2001/XMLSchema-instance" xsi:noNamespaceSchemaLocation="https://maven.apache.org/surefire/maven-surefire-plugin/xsd/surefire-test-report-3.0.xsd" version="3.0" name="qualite_log.user.UserCreateControllerTest" time="0.024" tests="8" errors="8" skipped="0" failures="0">
  <properties>
[...]
</properties>
  <testcase name="testIncorrectFirstName" classname="qualite_log.user.UserCreateControllerTest" time="0">
    <error type="java.lang.reflect.InaccessibleObjectException"><![CDATA[java.lang.reflect.InaccessibleObjectException: Unable to make void qualite_log.user.UserCreateControllerTest.testIncorrectMail() accessible: module qualite_log does not "opens qualite_log.user" to unnamed module @4f6ee6e4
]]></error>
  </testcase>
  <testcase name="testEmptyMail" classname="qualite_log.user.UserCreateControllerTest" time="0">
    <error type="java.lang.reflect.InaccessibleObjectException"><![CDATA[java.lang.reflect.InaccessibleObjectException: Unable to make void qualite_log.user.UserCreateControllerTest.testIncorrectMail() accessible: module qualite_log does not "opens qualite_log.user" to unnamed module @4f6ee6e4
]]></error>
  </testcase>
  <testcase name="testIncorrectLastName" classname="qualite_log.user.UserCreateControllerTest" time="0">
    <error type="java.lang.reflect.InaccessibleObjectException"><![CDATA[java.lang.reflect.InaccessibleObjectException: Unable to make void qualite_log.user.UserCreateControllerTest.testIncorrectMail() accessible: module qualite_log does not "opens qualite_log.user" to unnamed module @4f6ee6e4
]]></error>
  </testcase>
  <testcase name="testIncorrectMail" classname="qualite_log.user.UserCreateControllerTest" time="0">
    <error type="java.lang.reflect.InaccessibleObjectException"><![CDATA[java.lang.reflect.InaccessibleObjectException: Unable to make void qualite_log.user.UserCreateControllerTest.testIncorrectMail() accessible: module qualite_log does not "opens qualite_log.user" to unnamed module @4f6ee6e4
]]></error>
  </testcase>
  <testcase name="testEmptyFirstName" classname="qualite_log.user.UserCreateControllerTest" time="0">
    <error type="java.lang.reflect.InaccessibleObjectException"><![CDATA[java.lang.reflect.InaccessibleObjectException: Unable to make void qualite_log.user.UserCreateControllerTest.testIncorrectMail() accessible: module qualite_log does not "opens qualite_log.user" to unnamed module @4f6ee6e4
]]></error>
  </testcase>
  <testcase name="testSuccessfulUserCreation" classname="qualite_log.user.UserCreateControllerTest" time="0">
    <error type="java.lang.reflect.InaccessibleObjectException"><![CDATA[java.lang.reflect.InaccessibleObjectException: Unable to make void qualite_log.user.UserCreateControllerTest.testIncorrectMail() accessible: module qualite_log does not "opens qualite_log.user" to unnamed module @4f6ee6e4
]]></error>
  </testcase>
  <testcase name="testEmptyLastName" classname="qualite_log.user.UserCreateControllerTest" time="0">
    <error type="java.lang.reflect.InaccessibleObjectException"><![CDATA[java.lang.reflect.InaccessibleObjectException: Unable to make void qualite_log.user.UserCreateControllerTest.testIncorrectMail() accessible: module qualite_log does not "opens qualite_log.user" to unnamed module @4f6ee6e4
]]></error>
  </testcase>
  <testcase name="testNoRoleSelection" classname="qualite_log.user.UserCreateControllerTest" time="0">
    <error type="java.lang.reflect.InaccessibleObjectException"><![CDATA[java.lang.reflect.InaccessibleObjectException: Unable to make void qualite_log.user.UserCreateControllerTest.testIncorrectMail() accessible: module qualite_log does not "opens qualite_log.user" to unnamed module @4f6ee6e4
]]></error>
  </testcase>
</testsuite>